make all --print-data-base --no-builtin-variables --no-builtin-rules --question
# GNU Make 3.81
# Copyright (C) 2006  Free Software Foundation, Inc.
# This is free software; see the source for copying conditions.
# There is NO warranty; not even for MERCHANTABILITY or FITNESS FOR A
# PARTICULAR PURPOSE.

# This program built for i386-apple-darwin11.3.0

# Make data base, printed on Mon Jul 25 02:38:15 2022

# Variables

# automatic
<D = $(patsubst %/,%,$(dir $<))
# automatic
?F = $(notdir $?)
# environment
ELECTRON_NO_ATTACH_CONSOLE = 1
# automatic
?D = $(patsubst %/,%,$(dir $?))
# automatic
@D = $(patsubst %/,%,$(dir $@))
# automatic
@F = $(notdir $@)
# makefile
CURDIR := /Users/woon/workspace/test/test
# makefile
SHELL = /bin/sh
# environment
VSCODE_NLS_CONFIG = {"locale":"ko","availableLanguages":{"*":"ko"},"_languagePackId":"2dff5cff996ed6cbe8d8aa8740f86aa0.ko","_translationsConfigFile":"/Users/woon/Library/Application Support/Code/clp/2dff5cff996ed6cbe8d8aa8740f86aa0.ko/tcf.json","_cacheRoot":"/Users/woon/Library/Application Support/Code/clp/2dff5cff996ed6cbe8d8aa8740f86aa0.ko","_resolvedLanguagePackCoreLocation":"/Users/woon/Library/Application Support/Code/clp/2dff5cff996ed6cbe8d8aa8740f86aa0.ko/3b889b090b5ad5793f524b5d1d39fda662b96a2a","_corruptedFile":"/Users/woon/Library/Application Support/Code/clp/2dff5cff996ed6cbe8d8aa8740f86aa0.ko/corrupted.info","_languagePackSupport":true}
# makefile (from `Makefile', line 19)
MLX = ./minilibx_opengl_20191021
# environment
_ = /usr/bin/make
# makefile (from `Makefile', line 22)
CFLAGS = -Wall -Werror -Wextra
# makefile (from `Makefile', line 1)
MAKEFILE_LIST :=  Makefile
# environment
__CFBundleIdentifier = com.microsoft.VSCode
# environment
VSCODE_CWD = /Users/woon/workspace/test/test
# environment
PATH = /usr/local/sbin:/usr/local/bin:/usr/bin:/bin:/usr/sbin:/sbin:/usr/local/share/dotnet:~/.dotnet/tools:/Library/Frameworks/Mono.framework/Versions/Current/Commands
# makefile (from `Makefile', line 15)
SRCS_DIR = src
# environment
ELECTRON_RUN_AS_NODE = 1
# makefile (from `Makefile', line 20)
MLX_LIB = libmlx.a
# default
.FEATURES := target-specific order-only second-expansion else-if archives jobserver check-symlink
# environment
SSH_AUTH_SOCK = /private/tmp/com.apple.launchd.i4eOIxRdpo/Listeners
# automatic
%F = $(notdir $%)
# environment
PWD = /Users/woon/workspace/test/test
# environment
ORIGINAL_XDG_CURRENT_DESKTOP = undefined
# environment
VSCODE_AMD_ENTRYPOINT = vs/workbench/api/node/extensionHostProcess
# environment
HOME = /Users/woon
# default
MAKEFILEPATH = $(shell /usr/bin/xcode-select -print-path 2>/dev/null || echo /Developer)/Makefiles
# environment
VSCODE_CLI = 1
# environment
VSCODE_CODE_CACHE_PATH = /Users/woon/Library/Application Support/Code/CachedData/3b889b090b5ad5793f524b5d1d39fda662b96a2a
# environment
LOGNAME = woon
# environment
APPLICATION_INSIGHTS_NO_DIAGNOSTIC_CHANNEL = 1
# environment
VSCODE_HANDLES_UNCAUGHT_ERRORS = true
# automatic
^D = $(patsubst %/,%,$(dir $^))
# environment
XPC_FLAGS = 0x0
# default
MAKE = $(MAKE_COMMAND)
# default
MAKECMDGOALS := all
# makefile (from `Makefile', line 17)
SRCS = main.c checkMap.c checkMapUtil.c checkElement.c checkMapError.c util.c start.c raycastWall.c raycastHeight.c raycastUtils.c settingRay.c key.c render.c setTexture.c
# environment
SHLVL = 3
# makefile (from `Makefile', line 21)
CC = gcc
# default
MAKE_VERSION := 3.81
# environment
USER = woon
# makefile
.DEFAULT_GOAL := all
# environment
TERM_SESSION_ID = E83C992E-938C-4BCE-BB07-76C80AD742FC
# makefile (from `Makefile', line 13)
NAME = cub3D
# automatic
%D = $(patsubst %/,%,$(dir $%))
# default
MAKE_COMMAND := /Library/Developer/CommandLineTools/usr/bin/make
# environment
TERM_PROGRAM = Apple_Terminal
# default
.VARIABLES := 
# environment
TMPDIR = /var/folders/cv/nv_sgfns6qng8sr0qm5l9gb00000gn/T/
# automatic
*F = $(notdir $*)
# environment
VSCODE_IPC_HOOK = /Users/woon/Library/Application Support/Code/1.69.2-main.sock
# environment
MallocNanoZone = 0
# makefile
MAKEFLAGS = Rrqp
# environment
MFLAGS = -Rrqp
# automatic
*D = $(patsubst %/,%,$(dir $*))
# environment
TERM_PROGRAM_VERSION = 445
# environment
XPC_SERVICE_NAME = application.com.microsoft.VSCode.1978737.1978743.907867AF-0956-477B-B6C2-164049729AC8
# automatic
+D = $(patsubst %/,%,$(dir $+))
# automatic
+F = $(notdir $+)
# environment
__CF_USER_TEXT_ENCODING = 0x1F5:0x3:0x33
# environment
COMMAND_MODE = unix2003
# default
MAKEFILES := 
# automatic
<F = $(notdir $<)
# environment
LC_ALL = C
# automatic
^F = $(notdir $^)
# makefile (from `Makefile', line 23)
CLIB = -lmlx -framework OpenGL -framework Appkit -framework OpenCL
# default
SUFFIXES := 
# default
.INCLUDE_DIRS = /usr/local/include
# environment
MAKELEVEL := 0
# environment
LANG = C
# environment
TERM = xterm-256color
# environment
VSCODE_PID = 3934
# variable set hash-table stats:
# Load=72/1024=7%, Rehash=0, Collisions=3/112=3%

# Pattern-specific Variable Values

# No pattern-specific variable values.

# Directories

# . (device 16777220, inode 2033623): 12 files, no impossibilities.
# src (device 16777220, inode 2033635): 28 files, no impossibilities so far.

# 40 files, no impossibilities in 2 directories.

# Implicit Rules

%.o: %.c
#  commands to execute (from `Makefile', line 35):
	$(CC) $(CFLAGS)  -c $< -o $@
	

# 1 implicit rules, 0 (0.0%) terminal.

# Files

# Not a target:
src/checkMapUtil.c:
#  Implicit rule search has been done.
#  Last modified 2022-07-22 02:01:21
#  File has been updated.
#  Successfully updated.
# variable set hash-table stats:
# Load=0/32=0%, Rehash=0, Collisions=0/0=0%

# Not a target:
src/raycastWall.c:
#  Implicit rule search has been done.
#  Last modified 2022-07-25 01:18:07
#  File has been updated.
#  Successfully updated.
# variable set hash-table stats:
# Load=0/32=0%, Rehash=0, Collisions=0/0=0%

# Not a target:
src/util.c:
#  Implicit rule search has been done.
#  Last modified 2022-07-22 02:01:21
#  File has been updated.
#  Successfully updated.
# variable set hash-table stats:
# Load=0/32=0%, Rehash=0, Collisions=0/0=0%

all: cub3D
#  Phony target (prerequisite of .PHONY).
#  Command-line target.
#  Implicit rule search has not been done.
#  Implicit/static pattern stem: `'
#  File does not exist.
#  File has been updated.
#  Needs to be updated (-q is set).
# automatic
# @ := all
# automatic
# % := 
# automatic
# * := 
# automatic
# + := cub3D
# automatic
# | := 
# automatic
# < := cub3D
# automatic
# ^ := cub3D
# automatic
# ? := cub3D
# variable set hash-table stats:
# Load=8/32=25%, Rehash=0, Collisions=1/20=5%
#  commands to execute (from `Makefile', line 26):
	@cd lib && make all
	@make -C $(MLX)
	@$(CC) $(CFLAGS) -L $(MLX) $(CLIB) $(addprefix $(SRCS_DIR)/, $(SRCS:.c=.o)) $(MLX)/$(MLX_LIB) lib/dmcw.a -o $(NAME)
	

.PHONY: all clean fclean re
#  Implicit rule search has not been done.
#  Modification time never checked.
#  File has not been updated.

src/main.o: src/main.c
#  Implicit rule search has been done.
#  Implicit/static pattern stem: `src/main'
#  Last modified 2022-07-25 02:37:32
#  File has been updated.
#  Successfully updated.
# variable set hash-table stats:
# Load=0/32=0%, Rehash=0, Collisions=0/0=0%
#  commands to execute (from `Makefile', line 35):
	$(CC) $(CFLAGS)  -c $< -o $@
	

cub3D: srcs
#  Implicit rule search has been done.
#  Last modified 2022-07-25 02:38:04
#  File has been updated.
#  Successfully updated.
# variable set hash-table stats:
# Load=0/32=0%, Rehash=0, Collisions=0/0=0%

 
# Not a target:
src/raycastUtils.c:
#  Implicit rule search has been done.
#  Last modified 2022-07-25 00:34:56
#  File has been updated.
#  Successfully updated.
# variable set hash-table stats:
# Load=0/32=0%, Rehash=0, Collisions=0/0=0%

src/setTexture.o: src/setTexture.c
#  Implicit rule search has been done.
#  Implicit/static pattern stem: `src/setTexture'
#  Last modified 2022-07-25 02:38:04
#  File has been updated.
#  Successfully updated.
# variable set hash-table stats:
# Load=0/32=0%, Rehash=0, Collisions=0/0=0%
#  commands to execute (from `Makefile', line 35):
	$(CC) $(CFLAGS)  -c $< -o $@
	

# Not a target:
src/checkMap.c:
#  Implicit rule search has been done.
#  Last modified 2022-07-25 01:20:43
#  File has been updated.
#  Successfully updated.
# variable set hash-table stats:
# Load=0/32=0%, Rehash=0, Collisions=0/0=0%

srcs: src/main.o src/checkMap.o src/checkMapUtil.o src/checkElement.o src/checkMapError.o src/util.o src/start.o src/raycastWall.o src/raycastHeight.o src/raycastUtils.o src/settingRay.o src/key.o src/render.o src/setTexture.o
#  Implicit rule search has been done.
#  File does not exist.
#  File has been updated.
#  Successfully updated.
# variable set hash-table stats:
# Load=0/32=0%, Rehash=0, Collisions=0/0=0%

# Not a target:
.SUFFIXES:
#  Implicit rule search has not been done.
#  Modification time never checked.
#  File has not been updated.

# Not a target:
Makefile:
#  Implicit rule search has been done.
#  Last modified 2022-07-25 02:38:01
#  File has been updated.
#  Successfully updated.
# variable set hash-table stats:
# Load=0/32=0%, Rehash=0, Collisions=0/0=0%

src/key.o: src/key.c
#  Implicit rule search has been done.
#  Implicit/static pattern stem: `src/key'
#  Last modified 2022-07-25 02:15:00
#  File has been updated.
#  Successfully updated.
# variable set hash-table stats:
# Load=0/32=0%, Rehash=0, Collisions=0/0=0%
#  commands to execute (from `Makefile', line 35):
	$(CC) $(CFLAGS)  -c $< -o $@
	

src/raycastHeight.o: src/raycastHeight.c
#  Implicit rule search has been done.
#  Implicit/static pattern stem: `src/raycastHeight'
#  Last modified 2022-07-25 02:14:59
#  File has been updated.
#  Successfully updated.
# variable set hash-table stats:
# Load=0/32=0%, Rehash=0, Collisions=0/0=0%
#  commands to execute (from `Makefile', line 35):
	$(CC) $(CFLAGS)  -c $< -o $@
	

# Not a target:
src/start.c:
#  Implicit rule search has been done.
#  Last modified 2022-07-25 02:22:49
#  File has been updated.
#  Successfully updated.
# variable set hash-table stats:
# Load=0/32=0%, Rehash=0, Collisions=0/0=0%

src/render.o: src/render.c
#  Implicit rule search has been done.
#  Implicit/static pattern stem: `src/render'
#  Last modified 2022-07-25 02:15:00
#  File has been updated.
#  Successfully updated.
# variable set hash-table stats:
# Load=0/32=0%, Rehash=0, Collisions=0/0=0%
#  commands to execute (from `Makefile', line 35):
	$(CC) $(CFLAGS)  -c $< -o $@
	

src/checkElement.o: src/checkElement.c
#  Implicit rule search has been done.
#  Implicit/static pattern stem: `src/checkElement'
#  Last modified 2022-07-25 02:14:59
#  File has been updated.
#  Successfully updated.
# variable set hash-table stats:
# Load=0/32=0%, Rehash=0, Collisions=0/0=0%
#  commands to execute (from `Makefile', line 35):
	$(CC) $(CFLAGS)  -c $< -o $@
	

fclean: clean
#  Phony target (prerequisite of .PHONY).
#  Implicit rule search has not been done.
#  File does not exist.
#  File has not been updated.
#  commands to execute (from `Makefile', line 43):
	@cd lib && make fclean
	@rm -rf	$(NAME)
	

src/checkMapError.o: src/checkMapError.c
#  Implicit rule search has been done.
#  Implicit/static pattern stem: `src/checkMapError'
#  Last modified 2022-07-25 02:14:59
#  File has been updated.
#  Successfully updated.
# variable set hash-table stats:
# Load=0/32=0%, Rehash=0, Collisions=0/0=0%
#  commands to execute (from `Makefile', line 35):
	$(CC) $(CFLAGS)  -c $< -o $@
	

# Not a target:
src/main.c:
#  Implicit rule search has been done.
#  Last modified 2022-07-25 02:37:31
#  File has been updated.
#  Successfully updated.
# variable set hash-table stats:
# Load=0/32=0%, Rehash=0, Collisions=0/0=0%

# Not a target:
src/setTexture.c:
#  Implicit rule search has been done.
#  Last modified 2022-07-25 02:36:11
#  File has been updated.
#  Successfully updated.
# variable set hash-table stats:
# Load=0/32=0%, Rehash=0, Collisions=0/0=0%

# Not a target:
.DEFAULT:
#  Implicit rule search has not been done.
#  Modification time never checked.
#  File has not been updated.

src/settingRay.o: src/settingRay.c
#  Implicit rule search has been done.
#  Implicit/static pattern stem: `src/settingRay'
#  Last modified 2022-07-25 02:14:59
#  File has been updated.
#  Successfully updated.
# variable set hash-table stats:
# Load=0/32=0%, Rehash=0, Collisions=0/0=0%
#  commands to execute (from `Makefile', line 35):
	$(CC) $(CFLAGS)  -c $< -o $@
	

# Not a target:
src/key.c:
#  Implicit rule search has been done.
#  Last modified 2022-07-25 01:55:18
#  File has been updated.
#  Successfully updated.
# variable set hash-table stats:
# Load=0/32=0%, Rehash=0, Collisions=0/0=0%

# Not a target:
src/raycastHeight.c:
#  Implicit rule search has been done.
#  Last modified 2022-07-25 00:37:29
#  File has been updated.
#  Successfully updated.
# variable set hash-table stats:
# Load=0/32=0%, Rehash=0, Collisions=0/0=0%

re: fclean all
#  Phony target (prerequisite of .PHONY).
#  Implicit rule search has not been done.
#  File does not exist.
#  File has not been updated.

src/checkMapUtil.o: src/checkMapUtil.c
#  Implicit rule search has been done.
#  Implicit/static pattern stem: `src/checkMapUtil'
#  Last modified 2022-07-25 02:14:59
#  File has been updated.
#  Successfully updated.
# variable set hash-table stats:
# Load=0/32=0%, Rehash=0, Collisions=0/0=0%
#  commands to execute (from `Makefile', line 35):
	$(CC) $(CFLAGS)  -c $< -o $@
	

clean:
#  Phony target (prerequisite of .PHONY).
#  Implicit rule search has not been done.
#  File does not exist.
#  File has not been updated.
#  commands to execute (from `Makefile', line 38):
	@cd lib && make clean
	@cd $(MLX) && make clean
	@rm -rf $(addprefix $(SRCS_DIR)/, $(SRCS:.c=.o))
	

src/raycastWall.o: src/raycastWall.c
#  Implicit rule search has been done.
#  Implicit/static pattern stem: `src/raycastWall'
#  Last modified 2022-07-25 02:14:59
#  File has been updated.
#  Successfully updated.
# variable set hash-table stats:
# Load=0/32=0%, Rehash=0, Collisions=0/0=0%
#  commands to execute (from `Makefile', line 35):
	$(CC) $(CFLAGS)  -c $< -o $@
	

src/util.o: src/util.c
#  Implicit rule search has been done.
#  Implicit/static pattern stem: `src/util'
#  Last modified 2022-07-25 02:14:59
#  File has been updated.
#  Successfully updated.
# variable set hash-table stats:
# Load=0/32=0%, Rehash=0, Collisions=0/0=0%
#  commands to execute (from `Makefile', line 35):
	$(CC) $(CFLAGS)  -c $< -o $@
	

# Not a target:
src/render.c:
#  Implicit rule search has been done.
#  Last modified 2022-07-25 01:18:29
#  File has been updated.
#  Successfully updated.
# variable set hash-table stats:
# Load=0/32=0%, Rehash=0, Collisions=0/0=0%

# Not a target:
src/checkElement.c:
#  Implicit rule search has been done.
#  Last modified 2022-07-25 00:35:07
#  File has been updated.
#  Successfully updated.
# variable set hash-table stats:
# Load=0/32=0%, Rehash=0, Collisions=0/0=0%

src/raycastUtils.o: src/raycastUtils.c
#  Implicit rule search has been done.
#  Implicit/static pattern stem: `src/raycastUtils'
#  Last modified 2022-07-25 02:14:59
#  File has been updated.
 
#  Successfully updated.
# variable set hash-table stats:
# Load=0/32=0%, Rehash=0, Collisions=0/0=0%
#  commands to execute (from `Makefile', line 35):
	$(CC) $(CFLAGS)  -c $< -o $@
	

# Not a target:
src/checkMapError.c:
#  Implicit rule search has been done.
#  Last modified 2022-07-25 00:36:34
#  File has been updated.
#  Successfully updated.
# variable set hash-table stats:
# Load=0/32=0%, Rehash=0, Collisions=0/0=0%

src/checkMap.o: src/checkMap.c
#  Implicit rule search has been done.
#  Implicit/static pattern stem: `src/checkMap'
#  Last modified 2022-07-25 02:14:59
#  File has been updated.
#  Successfully updated.
# variable set hash-table stats:
# Load=0/32=0%, Rehash=0, Collisions=0/0=0%
#  commands to execute (from `Makefile', line 35):
	$(CC) $(CFLAGS)  -c $< -o $@
	

# Not a target:
src/settingRay.c:
#  Implicit rule search has been done.
#  Last modified 2022-07-25 01:29:58
#  File has been updated.
#  Successfully updated.
# variable set hash-table stats:
# Load=0/32=0%, Rehash=0, Collisions=0/0=0%

src/start.o: src/start.c
#  Implicit rule search has been done.
#  Implicit/static pattern stem: `src/start'
#  Last modified 2022-07-25 02:37:32
#  File has been updated.
#  Successfully updated.
# variable set hash-table stats:
# Load=0/32=0%, Rehash=0, Collisions=0/0=0%
#  commands to execute (from `Makefile', line 35):
	$(CC) $(CFLAGS)  -c $< -o $@
	

# files hash-table stats:
# Load=38/1024=4%, Rehash=0, Collisions=2/117=2%
# VPATH Search Paths

# No `vpath' search paths.

# No general (`VPATH' variable) search path.

# # of strings in strcache: 1
# # of strcache buffers: 1
# strcache size: total = 4096 / max = 4096 / min = 4096 / avg = 4096
# strcache free: total = 4087 / max = 4087 / min = 4087 / avg = 4087

# Finished Make data base on Mon Jul 25 02:38:15 2022

 
